<?xml version="1.0" encoding="utf-8"?><testsuites><testsuite name="kawata-py" errors="0" failures="0" skipped="7" tests="911" time="5.227" timestamp="2026-05-10T18:25:23.380432" hostname="L0K1-Desktop-Cachy"><testcase classname="tests.unit.ci.test_config.TestConfig" name="test_defaults" time="0.000" /><testcase classname="tests.unit.ci.test_config.TestConfig" name="test_load_defaults_when_no_pyproject" time="0.000" /><testcase classname="tests.unit.ci.test_config.TestConfig" name="test_load_from_pyproject" time="0.000" /><testcase classname="tests.unit.ci.test_config.TestConfig" name="test_generate_default_toml" time="0.000" /><testcase classname="tests.unit.ci.test_context.TestContext" name="test_defaults" time="0.000" /><testcase classname="tests.unit.ci.test_context.TestContext" name="test_detect_local" time="0.000" /><testcase classname="tests.unit.ci.test_context.TestContext" name="test_detect_github_actions" time="0.000" /><testcase classname="tests.unit.ci.test_github.TestGitHubConfig" name="test_from_environment" time="0.000" /><testcase classname="tests.unit.ci.test_github.TestGitHubConfig" name="test_not_configured" time="0.000" /><testcase classname="tests.unit.ci.test_github.TestPRCommentManager" name="test_create_new_comment" time="0.014" /><testcase classname="tests.unit.ci.test_github.TestPRCommentManager" name="test_update_existing_comment" time="0.012" /><testcase classname="tests.unit.ci.test_github.TestPRCommentManager" name="test_find_pr_for_commit" time="0.011" /><testcase classname="tests.unit.ci.test_github.TestPRCommentManager" name="test_no_pr_for_commit" time="0.011" /><testcase classname="tests.unit.ci.test_output.test_summary.TestSummaryData" name="test_from_run_result_all_pass" time="0.000" /><testcase classname="tests.unit.ci.test_output.test_summary.TestSummaryData" name="test_from_run_result_with_failures" time="0.000" /><testcase classname="tests.unit.ci.test_output.test_summary.TestSummaryData" name="test_from_run_result_with_parsed_results" time="0.000" /><testcase classname="tests.unit.ci.test_output.test_summary.TestSummaryRenderer" name="test_render_basic" time="0.134" /><testcase classname="tests.unit.ci.test_output.test_summary.TestSummaryRenderer" name="test_render_writes_to_step_summary" time="0.001" /><testcase classname="tests.unit.ci.test_parsers.TestParserRegistry" name="test_builtin_parsers_loaded" time="0.000" /><testcase classname="tests.unit.ci.test_parsers.TestParserRegistry" name="test_detect_by_filename" time="0.000" /><testcase classname="tests.unit.ci.test_parsers.TestParserRegistry" name="test_detect_json_by_content" time="0.000" /><testcase classname="tests.unit.ci.test_parsers.TestPytestParser" name="test_parse_junit_xml" time="0.000" /><testcase classname="tests.unit.ci.test_parsers.TestPytestParser" name="test_parse_error_element" time="0.000" /><testcase classname="tests.unit.ci.test_parsers.TestPytestParser" name="test_parse_empty" time="0.000" /><testcase classname="tests.unit.ci.test_parsers.TestMypyParser" name="test_parse_errors" time="0.004" /><testcase classname="tests.unit.ci.test_parsers.TestMypyParser" name="test_parse_empty" time="0.000" /><testcase classname="tests.unit.ci.test_parsers.TestRuffParser" name="test_parse_text" time="0.001" /><testcase classname="tests.unit.ci.test_parsers.TestRuffParser" name="test_parse_json" time="0.001" /><testcase classname="tests.unit.ci.test_parsers.TestBanditParser" name="test_parse_issues" time="0.001" /><testcase classname="tests.unit.ci.test_parsers.TestCodeSnippet" name="test_render" time="0.000" /><testcase classname="tests.unit.ci.test_runner.TestDependencyGraph" name="test_no_dependencies" time="0.000" /><testcase classname="tests.unit.ci.test_runner.TestDependencyGraph" name="test_linear_chain" time="0.000" /><testcase classname="tests.unit.ci.test_runner.TestDependencyGraph" name="test_diamond" time="0.000" /><testcase classname="tests.unit.ci.test_runner.TestDependencyGraph" name="test_missing_dependency" time="0.000" /><testcase classname="tests.unit.ci.test_runner.TestDependencyGraph" name="test_circular_dependency" time="0.000" /><testcase classname="tests.unit.ci.test_runner.TestJobRunner" name="test_run_simple_job" time="0.003" /><testcase classname="tests.unit.ci.test_runner.TestJobRunner" name="test_run_failing_job" time="0.003" /><testcase classname="tests.unit.ci.test_runner.TestJobRunner" name="test_dependency_blocks_on_failure" time="0.003" /><testcase classname="tests.unit.ci.test_runner.TestJobRunner" name="test_parallel_execution" time="0.107" /><testcase classname="tests.unit.ci.test_runner.TestJobRunner" name="test_allow_failure" time="0.005" /><testcase classname="tests.unit.ci.test_storage.TestFileStorageBackend" name="test_save_and_load_state" time="0.000" /><testcase classname="tests.unit.ci.test_storage.TestFileStorageBackend" name="test_load_nonexistent" time="0.000" /><testcase classname="tests.unit.ci.test_storage.TestFileStorageBackend" name="test_list_runs" time="0.001" /><testcase classname="tests.unit.ci.test_storage.TestFileStorageBackend" name="test_cleanup" time="0.000" /><testcase classname="tests.unit.commands.categories.test_administrator_commands.TestUserCommand" name="test_user_self_info" time="0.000" /><testcase classname="tests.unit.commands.categories.test_administrator_commands.TestUserCommand" name="test_user_other_player" time="0.001" /><testcase classname="tests.unit.commands.categories.test_administrator_commands.TestUserCommand" name="test_user_player_not_found" time="0.001" /><testcase classname="tests.unit.commands.categories.test_administrator_commands.TestRestrictCommand" name="test_restrict_invalid_syntax" time="0.000" /><testcase classname="tests.unit.commands.categories.test_administrator_commands.TestRestrictCommand" name="test_restrict_player_not_found" time="0.001" /><testcase classname="tests.unit.commands.categories.test_administrator_commands.TestRestrictCommand" name="test_restrict_staff_member_as_non_developer" time="0.001" /><testcase classname="tests.unit.commands.categories.test_administrator_commands.TestRestrictCommand" name="test_restrict_already_restricted" time="0.001" /><testcase classname="tests.unit.commands.categories.test_administrator_commands.TestRestrictCommand" name="test_restrict_success" time="0.001" /><testcase classname="tests.unit.commands.categories.test_administrator_commands.TestRestrictCommand" name="test_restrict_with_shorthand_reason" time="0.001" /><testcase classname="tests.unit.commands.categories.test_administrator_commands.TestUnrestrictCommand" name="test_unrestrict_invalid_syntax" time="0.000" /><testcase classname="tests.unit.commands.categories.test_administrator_commands.TestUnrestrictCommand" name="test_unrestrict_player_not_found" time="0.001" /><testcase classname="tests.unit.commands.categories.test_administrator_commands.TestUnrestrictCommand" name="test_unrestrict_staff_member_as_non_developer" time="0.000" /><testcase classname="tests.unit.commands.categories.test_administrator_commands.TestUnrestrictCommand" name="test_unrestrict_not_restricted" time="0.001" /><testcase classname="tests.unit.commands.categories.test_administrator_commands.TestUnrestrictCommand" name="test_unrestrict_success" time="0.001" /><testcase classname="tests.unit.commands.categories.test_administrator_commands.TestAlertCommand" name="test_alert_invalid_syntax" time="0.000" /><testcase classname="tests.unit.commands.categories.test_administrator_commands.TestAlertCommand" name="test_alert_success" time="0.000" /><testcase classname="tests.unit.commands.categories.test_administrator_commands.TestAlertuserCommand" name="test_alertuser_invalid_syntax" time="0.000" /><testcase classname="tests.unit.commands.categories.test_administrator_commands.TestAlertuserCommand" name="test_alertuser_player_not_found" time="0.000" /><testcase classname="tests.unit.commands.categories.test_administrator_commands.TestAlertuserCommand" name="test_alertuser_success" time="0.001" /><testcase classname="tests.unit.commands.categories.test_administrator_commands.TestSwitchservCommand" name="test_switchserv_invalid_syntax" time="0.000" /><testcase classname="tests.unit.commands.categories.test_administrator_commands.TestSwitchservCommand" name="test_switchserv_success" time="0.000" /><testcase classname="tests.unit.commands.categories.test_administrator_commands.TestShutdownCommand" name="test_shutdown_immediate" time="0.000" /><testcase classname="tests.unit.commands.categories.test_administrator_commands.TestShutdownCommand" name="test_shutdown_invalid_delay" time="0.000" /><testcase classname="tests.unit.commands.categories.test_administrator_commands.TestShutdownCommand" name="test_shutdown_delay_too_short" time="0.000" /><testcase classname="tests.unit.commands.categories.test_administrator_commands.TestShutdownCommand" name="test_shutdown_with_delay" time="0.000" /><testcase classname="tests.unit.commands.categories.test_clan_commands.TestClanCreate" name="test_create_success" time="0.002" /><testcase classname="tests.unit.commands.categories.test_clan_commands.TestClanCreate" name="test_create_invalid_syntax" time="0.000" /><testcase classname="tests.unit.commands.categories.test_clan_commands.TestClanCreate" name="test_create_tag_too_long" time="0.000" /><testcase classname="tests.unit.commands.categories.test_clan_commands.TestClanCreate" name="test_create_name_too_short" time="0.000" /><testcase classname="tests.unit.commands.categories.test_clan_commands.TestClanCreate" name="test_create_already_in_clan" time="0.001" /><testcase classname="tests.unit.commands.categories.test_clan_commands.TestClanCreate" name="test_create_name_taken" time="0.001" /><testcase classname="tests.unit.commands.categories.test_clan_commands.TestClanCreate" name="test_create_tag_taken" time="0.001" /><testcase classname="tests.unit.commands.categories.test_clan_commands.TestClanDisband" name="test_disband_own_clan" time="0.002" /><testcase classname="tests.unit.commands.categories.test_clan_commands.TestClanDisband" name="test_disband_other_clan_as_admin" time="0.002" /><testcase classname="tests.unit.commands.categories.test_clan_commands.TestClanDisband" name="test_disband_other_clan_as_regular" time="0.000" /><testcase classname="tests.unit.commands.categories.test_clan_commands.TestClanDisband" name="test_disband_no_clan" time="0.000" /><testcase classname="tests.unit.commands.categories.test_clan_commands.TestClanInfo" name="test_info_success" time="0.001" /><testcase classname="tests.unit.commands.categories.test_clan_commands.TestClanInfo" name="test_info_no_args" time="0.000" /><testcase classname="tests.unit.commands.categories.test_clan_commands.TestClanInfo" name="test_info_clan_not_found" time="0.001" /><testcase classname="tests.unit.commands.categories.test_clan_commands.TestClanLeave" name="test_leave_success" time="0.002" /><testcase classname="tests.unit.commands.categories.test_clan_commands.TestClanLeave" name="test_leave_no_clan" time="0.000" /><testcase classname="tests.unit.commands.categories.test_clan_commands.TestClanLeave" name="test_leave_as_owner" time="0.000" /><testcase classname="tests.unit.commands.categories.test_clan_commands.TestClanList" name="test_list_success" time="0.001" /><testcase classname="tests.unit.commands.categories.test_clan_commands.TestClanList" name="test_list_with_page" time="0.001" /><testcase classname="tests.unit.commands.categories.test_clan_commands.TestClanList" name="test_list_no_clans" time="0.001" /><testcase classname="tests.unit.commands.categories.test_clan_commands.TestClanList" name="test_list_invalid_page" time="0.000" /><testcase classname="tests.unit.commands.categories.test_clan_commands.TestClanHelp" name="test_help_success" time="0.001" /><testcase classname="tests.unit.commands.categories.test_clan_commands.TestClanHelp" name="test_help_no_commands" time="0.000" /><testcase classname="tests.unit.commands.categories.test_clan_commands.TestClanHelp" name="test_help_excludes_hidden_commands" time="0.001" /><testcase classname="tests.unit.commands.categories.test_clan_commands.TestClanHelp" name="test_help_excludes_insufficient_privileges" time="0.001" /><testcase classname="tests.unit.commands.categories.test_clan_commands.TestClanCreateEdgeCases" name="test_create_tag_too_short" time="0.000" /><testcase classname="tests.unit.commands.categories.test_clan_commands.TestClanCreateEdgeCases" name="test_create_name_too_long" time="0.000" /><testcase classname="tests.unit.commands.categories.test_clan_commands.TestClanDisbandEdgeCases" name="test_disband_as_owner" time="0.002" /><testcase classname="tests.unit.commands.categories.test_clan_commands.TestClanDisbandEdgeCases" name="test_disband_as_member" time="0.002" /><testcase classname="tests.unit.commands.categories.test_clan_commands.TestClanDisbandEdgeCases" name="test_disband_clan_not_found_by_tag" time="0.000" /><testcase classname="tests.unit.commands.categories.test_clan_commands.TestClanDisbandEdgeCases" name="test_disband_player_clan_not_found" time="0.000" /><testcase classname="tests.unit.commands.categories.test_clan_commands.TestClanDisbandEdgeCases" name="test_disband_removes_all_members" time="0.003" /><testcase classname="tests.unit.commands.categories.test_clan_commands.TestClanDisbandEdgeCases" name="test_disband_updates_cached_players" time="0.002" /><testcase classname="tests.unit.commands.categories.test_clan_commands.TestClanLeaveEdgeCases" name="test_leave_as_officer" time="0.002" /><testcase classname="tests.unit.commands.categories.test_clan_commands.TestClanLeaveEdgeCases" name="test_leave_clan_not_found_after_check" time="0.002" /><testcase classname="tests.unit.commands.categories.test_clan_commands.TestClanLeaveEdgeCases" name="test_leave_disbands_clan_when_last_member" time="0.002" /><testcase classname="tests.unit.commands.categories.test_clan_commands.TestClanLeaveEdgeCases" name="test_leave_announces_disband_when_last_member" time="0.002" /><testcase classname="tests.unit.commands.categories.test_developer_commands.TestStealthCommand" name="test_stealth_enable" time="0.000" /><testcase classname="tests.unit.commands.categories.test_developer_commands.TestStealthCommand" name="test_stealth_disable" time="0.000" /><testcase classname="tests.unit.commands.categories.test_developer_commands.TestRecalcCommand" name="test_recalc" time="0.000" /><testcase classname="tests.unit.commands.categories.test_developer_commands.TestDebugCommand" name="test_debug_invalid_syntax" time="0.000" /><testcase classname="tests.unit.commands.categories.test_developer_commands.TestDebugCommand" name="test_debug_set_level" time="0.000" /><testcase classname="tests.unit.commands.categories.test_developer_commands.TestDebugFocusCommand" name="test_debug_focus_invalid_syntax" time="0.000" /><testcase classname="tests.unit.commands.categories.test_developer_commands.TestDebugFocusCommand" name="test_debug_focus_set_focus" time="0.000" /><testcase classname="tests.unit.commands.categories.test_developer_commands.TestAddprivCommand" name="test_addpriv_invalid_syntax" time="0.000" /><testcase classname="tests.unit.commands.categories.test_developer_commands.TestAddprivCommand" name="test_addpriv_player_not_found" time="0.000" /><testcase classname="tests.unit.commands.categories.test_developer_commands.TestAddprivCommand" name="test_addpriv_invalid_role" time="0.000" /><testcase classname="tests.unit.commands.categories.test_developer_commands.TestAddprivCommand" name="test_addpriv_donator_error" time="0.000" /><testcase classname="tests.unit.commands.categories.test_developer_commands.TestAddprivCommand" name="test_addpriv_success" time="0.001" /><testcase classname="tests.unit.commands.categories.test_developer_commands.TestRmprivCommand" name="test_rmpriv_invalid_syntax" time="0.000" /><testcase classname="tests.unit.commands.categories.test_developer_commands.TestRmprivCommand" name="test_rmpriv_player_not_found" time="0.000" /><testcase classname="tests.unit.commands.categories.test_developer_commands.TestRmprivCommand" name="test_rmpriv_invalid_role" time="0.000" /><testcase classname="tests.unit.commands.categories.test_developer_commands.TestRmprivCommand" name="test_rmpriv_success" time="0.001" /><testcase classname="tests.unit.commands.categories.test_developer_commands.TestRmprivCommand" name="test_rmpriv_donator_clears_donor_end" time="0.001" /><testcase classname="tests.unit.commands.categories.test_developer_commands.TestGivedonatorCommand" name="test_givedonator_invalid_syntax" time="0.000" /><testcase classname="tests.unit.commands.categories.test_developer_commands.TestGivedonatorCommand" name="test_givedonator_player_not_found" time="0.000" /><testcase classname="tests.unit.commands.categories.test_developer_commands.TestGivedonatorCommand" name="test_givedonator_invalid_duration" time="0.000" /><testcase classname="tests.unit.commands.categories.test_developer_commands.TestGivedonatorCommand" name="test_givedonator_success" time="0.001" /><testcase classname="tests.unit.commands.categories.test_developer_commands.TestWipemapCommand" name="test_wipemap_invalid_syntax" time="0.000" /><testcase classname="tests.unit.commands.categories.test_developer_commands.TestWipemapCommand" name="test_wipemap_no_last_np" time="0.000" /><testcase classname="tests.unit.commands.categories.test_developer_commands.TestWipemapCommand" name="test_wipemap_success" time="0.001" /><testcase classname="tests.unit.commands.categories.test_developer_commands.TestReloadCommand" name="test_reload_invalid_syntax" time="0.000" /><testcase classname="tests.unit.commands.categories.test_developer_commands.TestReloadCommand" name="test_reload_module_not_found" time="0.000" /><testcase classname="tests.unit.commands.categories.test_developer_commands.TestReloadCommand" name="test_reload_success" time="0.000" /><testcase classname="tests.unit.commands.categories.test_developer_commands.TestServerCommand" name="test_server_success" time="0.001" /><testcase classname="tests.unit.commands.categories.test_developer_commands.TestPyCommand" name="test_py_no_args" time="0.000" /><testcase classname="tests.unit.commands.categories.test_developer_commands.TestPyCommand" name="test_py_with_code" time="0.000" /><testcase classname="tests.unit.commands.categories.test_developer_commands.TestPyCommand" name="test_py_with_exception" time="0.000" /><testcase classname="tests.unit.commands.categories.test_mappool_commands.TestPoolHelp" name="test_help_success" time="0.000" /><testcase classname="tests.unit.commands.categories.test_mappool_commands.TestPoolCreate" name="test_create_success" time="0.001" /><testcase classname="tests.unit.commands.categories.test_mappool_commands.TestPoolCreate" name="test_create_invalid_syntax" time="0.000" /><testcase classname="tests.unit.commands.categories.test_mappool_commands.TestPoolCreate" name="test_create_pool_exists" time="0.000" /><testcase classname="tests.unit.commands.categories.test_mappool_commands.TestPoolDelete" name="test_delete_success" time="0.002" /><testcase classname="tests.unit.commands.categories.test_mappool_commands.TestPoolDelete" name="test_delete_invalid_syntax" time="0.000" /><testcase classname="tests.unit.commands.categories.test_mappool_commands.TestPoolDelete" name="test_delete_pool_not_found" time="0.000" /><testcase classname="tests.unit.commands.categories.test_mappool_commands.TestPoolAdd" name="test_add_success" time="0.002" /><testcase classname="tests.unit.commands.categories.test_mappool_commands.TestPoolAdd" name="test_add_invalid_syntax" time="0.000" /><testcase classname="tests.unit.commands.categories.test_mappool_commands.TestPoolAdd" name="test_add_no_last_np" time="0.000" /><testcase classname="tests.unit.commands.categories.test_mappool_commands.TestPoolAdd" name="test_add_invalid_pick_syntax" time="0.000" /><testcase classname="tests.unit.commands.categories.test_mappool_commands.TestPoolAdd" name="test_add_pool_not_found" time="0.001" /><testcase classname="tests.unit.commands.categories.test_mappool_commands.TestPoolAdd" name="test_add_map_already_in_pool" time="0.001" /><testcase classname="tests.unit.commands.categories.test_mappool_commands.TestPoolRemove" name="test_remove_success" time="0.001" /><testcase classname="tests.unit.commands.categories.test_mappool_commands.TestPoolRemove" name="test_remove_invalid_syntax" time="0.000" /><testcase classname="tests.unit.commands.categories.test_mappool_commands.TestPoolRemove" name="test_remove_pool_not_found" time="0.000" /><testcase classname="tests.unit.commands.categories.test_mappool_commands.TestPoolRemove" name="test_remove_pick_not_found" time="0.001" /><testcase classname="tests.unit.commands.categories.test_mappool_commands.TestPoolList" name="test_list_success" time="0.001" /><testcase classname="tests.unit.commands.categories.test_mappool_commands.TestPoolList" name="test_list_no_pools" time="0.000" /><testcase classname="tests.unit.commands.categories.test_mappool_commands.TestPoolInfo" name="test_info_success" time="0.002" /><testcase classname="tests.unit.commands.categories.test_mappool_commands.TestPoolInfo" name="test_info_invalid_syntax" time="0.000" /><testcase classname="tests.unit.commands.categories.test_mappool_commands.TestPoolInfo" name="test_info_pool_not_found" time="0.001" /><testcase classname="tests.unit.commands.categories.test_moderator_commands.TestNotesCommand" name="test_notes_invalid_syntax" time="0.000" /><testcase classname="tests.unit.commands.categories.test_moderator_commands.TestNotesCommand" name="test_notes_player_not_found" time="0.001" /><testcase classname="tests.unit.commands.categories.test_moderator_commands.TestNotesCommand" name="test_notes_too_many_days" time="0.001" /><testcase classname="tests.unit.commands.categories.test_moderator_commands.TestNotesCommand" name="test_notes_zero_days" time="0.000" /><testcase classname="tests.unit.commands.categories.test_moderator_commands.TestNotesCommand" name="test_notes_no_results" time="0.001" /><testcase classname="tests.unit.commands.categories.test_moderator_commands.TestNotesCommand" name="test_notes_with_results" time="0.001" /><testcase classname="tests.unit.commands.categories.test_moderator_commands.TestAddnoteCommand" name="test_addnote_invalid_syntax" time="0.000" /><testcase classname="tests.unit.commands.categories.test_moderator_commands.TestAddnoteCommand" name="test_addnote_player_not_found" time="0.001" /><testcase classname="tests.unit.commands.categories.test_moderator_commands.TestAddnoteCommand" name="test_addnote_success" time="0.001" /><testcase classname="tests.unit.commands.categories.test_moderator_commands.TestSilenceCommand" name="test_silence_invalid_syntax" time="0.000" /><testcase classname="tests.unit.commands.categories.test_moderator_commands.TestSilenceCommand" name="test_silence_player_not_found" time="0.001" /><testcase classname="tests.unit.commands.categories.test_moderator_commands.TestSilenceCommand" name="test_silence_staff_member_as_non_developer" time="0.001" /><testcase classname="tests.unit.commands.categories.test_moderator_commands.TestSilenceCommand" name="test_silence_invalid_duration" time="0.001" /><testcase classname="tests.unit.commands.categories.test_moderator_commands.TestSilenceCommand" name="test_silence_with_shorthand_reason" time="0.001" /><testcase classname="tests.unit.commands.categories.test_moderator_commands.TestSilenceCommand" name="test_silence_success" time="0.001" /><testcase classname="tests.unit.commands.categories.test_moderator_commands.TestUnsilenceCommand" name="test_unsilence_invalid_syntax" time="0.000" /><testcase classname="tests.unit.commands.categories.test_moderator_commands.TestUnsilenceCommand" name="test_unsilence_player_not_found" time="0.001" /><testcase classname="tests.unit.commands.categories.test_moderator_commands.TestUnsilenceCommand" name="test_unsilence_not_silenced" time="0.001" /><testcase classname="tests.unit.commands.categories.test_moderator_commands.TestUnsilenceCommand" name="test_unsilence_staff_member_as_non_developer" time="0.003" /><testcase classname="tests.unit.commands.categories.test_moderator_commands.TestUnsilenceCommand" name="test_unsilence_success" time="0.001" /><testcase classname="tests.unit.commands.categories.test_moderator_commands.TestShorthandReasons" name="test_shorthand_reasons_exist" time="0.000" /><testcase classname="tests.unit.commands.categories.test_moderator_commands.TestShorthandReasons" name="test_shorthand_reasons_values" time="0.000" /><testcase classname="tests.unit.commands.categories.test_multiplayer_commands.TestMpHelp" name="test_help_success" time="0.001" /><testcase classname="tests.unit.commands.categories.test_multiplayer_commands.TestMpStart" name="test_start_no_args_not_ready" time="0.000" /><testcase classname="tests.unit.commands.categories.test_multiplayer_commands.TestMpStart" name="test_start_no_args_all_ready" time="0.000" /><testcase classname="tests.unit.commands.categories.test_multiplayer_commands.TestMpStart" name="test_start_with_force" time="0.000" /><testcase classname="tests.unit.commands.categories.test_multiplayer_commands.TestMpStart" name="test_start_with_seconds" time="0.000" /><testcase classname="tests.unit.commands.categories.test_multiplayer_commands.TestMpStart" name="test_start_cancel_timer" time="0.000" /><testcase classname="tests.unit.commands.categories.test_multiplayer_commands.TestMpStart" name="test_start_too_many_args" time="0.000" /><testcase classname="tests.unit.commands.categories.test_multiplayer_commands.TestMpStart" name="test_start_no_args_timer_active" time="0.000" /><testcase classname="tests.unit.commands.categories.test_multiplayer_commands.TestMpStart" name="test_start_decimal_timer_already_active" time="0.000" /><testcase classname="tests.unit.commands.categories.test_multiplayer_commands.TestMpStart" name="test_start_invalid_timer_range" time="0.000" /><testcase classname="tests.unit.commands.categories.test_multiplayer_commands.TestMpStart" name="test_start_timer_too_large" time="0.000" /><testcase classname="tests.unit.commands.categories.test_multiplayer_commands.TestMpStart" name="test_start_invalid_arg" time="0.000" /><testcase classname="tests.unit.commands.categories.test_multiplayer_commands.TestMpAbort" name="test_abort_success" time="0.001" /><testcase classname="tests.unit.commands.categories.test_multiplayer_commands.TestMpAbort" name="test_abort_not_in_progress" time="0.000" /><testcase classname="tests.unit.commands.categories.test_multiplayer_commands.TestMpMap" name="test_map_success" time="0.001" /><testcase classname="tests.unit.commands.categories.test_multiplayer_commands.TestMpMap" name="test_map_invalid_syntax" time="0.000" /><testcase classname="tests.unit.commands.categories.test_multiplayer_commands.TestMpMap" name="test_map_already_selected" time="0.000" /><testcase classname="tests.unit.commands.categories.test_multiplayer_commands.TestMpMap" name="test_map_not_found" time="0.001" /><testcase classname="tests.unit.commands.categories.test_multiplayer_commands.TestMpMods" name="test_mods_success" time="0.000" /><testcase classname="tests.unit.commands.categories.test_multiplayer_commands.TestMpMods" name="test_mods_invalid_syntax" time="0.000" /><testcase classname="tests.unit.commands.categories.test_multiplayer_commands.TestMpMods" name="test_mods_freemods_host_sets_speed_changing" time="0.000" /><testcase classname="tests.unit.commands.categories.test_multiplayer_commands.TestMpMods" name="test_mods_freemods_non_host_sets_slot_mods" time="0.000" /><testcase classname="tests.unit.commands.categories.test_multiplayer_commands.TestMpFreemods" name="test_freemods_on" time="0.000" /><testcase classname="tests.unit.commands.categories.test_multiplayer_commands.TestMpFreemods" name="test_freemods_off" time="0.000" /><testcase classname="tests.unit.commands.categories.test_multiplayer_commands.TestMpFreemods" name="test_freemods_invalid_syntax" time="0.000" /><testcase classname="tests.unit.commands.categories.test_multiplayer_commands.TestMpFreemods" name="test_freemods_off_host_mods_transferred" time="0.001" /><testcase classname="tests.unit.commands.categories.test_multiplayer_commands.TestMpHost" name="test_host_success" time="0.001" /><testcase classname="tests.unit.commands.categories.test_multiplayer_commands.TestMpHost" name="test_host_invalid_syntax" time="0.000" /><testcase classname="tests.unit.commands.categories.test_multiplayer_commands.TestMpHost" name="test_host_not_in_match" time="0.000" /><testcase classname="tests.unit.commands.categories.test_multiplayer_commands.TestMpHost" name="test_host_already_host" time="0.000" /><testcase classname="tests.unit.commands.categories.test_multiplayer_commands.TestMpHost" name="test_host_player_not_found" time="0.000" /><testcase classname="tests.unit.commands.categories.test_multiplayer_commands.TestMpRandpw" name="test_randpw_success" time="0.000" /><testcase classname="tests.unit.commands.categories.test_multiplayer_commands.TestMpInvite" name="test_invite_success" time="0.001" /><testcase classname="tests.unit.commands.categories.test_multiplayer_commands.TestMpInvite" name="test_invite_invalid_syntax" time="0.000" /><testcase classname="tests.unit.commands.categories.test_multiplayer_commands.TestMpInvite" name="test_invite_bot" time="0.000" /><testcase classname="tests.unit.commands.categories.test_multiplayer_commands.TestMpInvite" name="test_invite_self" time="0.000" /><testcase classname="tests.unit.commands.categories.test_multiplayer_commands.TestMpInvite" name="test_invite_player_not_found" time="0.000" /><testcase classname="tests.unit.commands.categories.test_multiplayer_commands.TestMpAddref" name="test_addref_success" time="0.000" /><testcase classname="tests.unit.commands.categories.test_multiplayer_commands.TestMpAddref" name="test_addref_invalid_syntax" time="0.000" /><testcase classname="tests.unit.commands.categories.test_multiplayer_commands.TestMpAddref" name="test_addref_not_in_match" time="0.000" /><testcase classname="tests.unit.commands.categories.test_multiplayer_commands.TestMpAddref" name="test_addref_already_ref" time="0.000" /><testcase classname="tests.unit.commands.categories.test_multiplayer_commands.TestMpRmref" name="test_rmref_success" time="0.000" /><testcase classname="tests.unit.commands.categories.test_multiplayer_commands.TestMpRmref" name="test_rmref_invalid_syntax" time="0.000" /><testcase classname="tests.unit.commands.categories.test_multiplayer_commands.TestMpRmref" name="test_rmref_not_a_ref" time="0.000" /><testcase classname="tests.unit.commands.categories.test_multiplayer_commands.TestMpRmref" name="test_rmref_is_host" time="0.000" /><testcase classname="tests.unit.commands.categories.test_multiplayer_commands.TestMpListref" name="test_listref_success" time="0.000" /><testcase classname="tests.unit.commands.categories.test_multiplayer_commands.TestMpLock" name="test_lock_success" time="0.000" /><testcase classname="tests.unit.commands.categories.test_multiplayer_commands.TestMpUnlock" name="test_unlock_success" time="0.000" /><testcase classname="tests.unit.commands.categories.test_multiplayer_commands.TestMpTeams" name="test_teams_head_to_head" time="0.000" /><testcase classname="tests.unit.commands.categories.test_multiplayer_commands.TestMpTeams" name="test_teams_team_vs" time="0.000" /><testcase classname="tests.unit.commands.categories.test_multiplayer_commands.TestMpTeams" name="test_teams_invalid" time="0.000" /><testcase classname="tests.unit.commands.categories.test_multiplayer_commands.TestMpTeams" name="test_teams_tag_coop" time="0.000" /><testcase classname="tests.unit.commands.categories.test_multiplayer_commands.TestMpTeams" name="test_teams_tag_team_vs" time="0.000" /><testcase classname="tests.unit.commands.categories.test_multiplayer_commands.TestMpTeams" name="test_teams_scrim_reset" time="0.000" /><testcase classname="tests.unit.commands.categories.test_multiplayer_commands.TestMpCondition" name="test_condition_score" time="0.000" /><testcase classname="tests.unit.commands.categories.test_multiplayer_commands.TestMpCondition" name="test_condition_pp_during_scrim" time="0.000" /><testcase classname="tests.unit.commands.categories.test_multiplayer_commands.TestMpCondition" name="test_condition_invalid" time="0.000" /><testcase classname="tests.unit.commands.categories.test_multiplayer_commands.TestMpCondition" name="test_condition_pp_not_scrimming" time="0.000" /><testcase classname="tests.unit.commands.categories.test_multiplayer_commands.TestMpCondition" name="test_condition_pp_already_enabled" time="0.000" /><testcase classname="tests.unit.commands.categories.test_multiplayer_commands.TestMpCondition" name="test_condition_accuracy" time="0.000" /><testcase classname="tests.unit.commands.categories.test_multiplayer_commands.TestMpCondition" name="test_condition_combo" time="0.000" /><testcase classname="tests.unit.commands.categories.test_multiplayer_commands.TestMpCondition" name="test_condition_scorev2" time="0.000" /><testcase classname="tests.unit.commands.categories.test_multiplayer_commands.TestMpCondition" name="test_condition_disables_pp_scoring" time="0.000" /><testcase classname="tests.unit.commands.categories.test_multiplayer_commands.TestMpScrim" name="test_scrim_start" time="0.000" /><testcase classname="tests.unit.commands.categories.test_multiplayer_commands.TestMpScrim" name="test_scrim_end" time="0.000" /><testcase classname="tests.unit.commands.categories.test_multiplayer_commands.TestMpScrim" name="test_scrim_invalid" time="0.000" /><testcase classname="tests.unit.commands.categories.test_multiplayer_commands.TestMpScrim" name="test_scrim_range_too_high" time="0.000" /><testcase classname="tests.unit.commands.categories.test_multiplayer_commands.TestMpScrim" name="test_scrim_even_number" time="0.000" /><testcase classname="tests.unit.commands.categories.test_multiplayer_commands.TestMpScrim" name="test_scrim_bo0_even_rejected" time="0.000" /><testcase classname="tests.unit.commands.categories.test_multiplayer_commands.TestMpEndscrim" name="test_endscrim_success" time="0.000" /><testcase classname="tests.unit.commands.categories.test_multiplayer_commands.TestMpRematch" name="test_rematch_host" time="0.000" /><testcase classname="tests.unit.commands.categories.test_multiplayer_commands.TestMpRematch" name="test_rematch_not_host" time="0.000" /><testcase classname="tests.unit.commands.categories.test_multiplayer_commands.TestMpRematch" name="test_rematch_extra_args" time="0.000" /><testcase classname="tests.unit.commands.categories.test_multiplayer_commands.TestMpRematch" name="test_rematch_not_scrimming_no_old_points" time="0.000" /><testcase classname="tests.unit.commands.categories.test_multiplayer_commands.TestMpRematch" name="test_rematch_not_scrimming_restart" time="0.000" /><testcase classname="tests.unit.commands.categories.test_multiplayer_commands.TestMpRematch" name="test_rematch_no_winners" time="0.000" /><testcase classname="tests.unit.commands.categories.test_multiplayer_commands.TestMpRematch" name="test_rematch_tie_point" time="0.000" /><testcase classname="tests.unit.commands.categories.test_multiplayer_commands.TestMpForce" name="test_force_success" time="0.000" /><testcase classname="tests.unit.commands.categories.test_multiplayer_commands.TestMpLoadpool" name="test_loadpool_success" time="0.001" /><testcase classname="tests.unit.commands.categories.test_multiplayer_commands.TestMpLoadpool" name="test_loadpool_already_selected" time="0.001" /><testcase classname="tests.unit.commands.categories.test_multiplayer_commands.TestMpLoadpool" name="test_loadpool_not_host" time="0.000" /><testcase classname="tests.unit.commands.categories.test_multiplayer_commands.TestMpUnloadpool" name="test_unloadpool_success" time="0.000" /><testcase classname="tests.unit.commands.categories.test_multiplayer_commands.TestMpUnloadpool" name="test_unloadpool_extra_args" time="0.000" /><testcase classname="tests.unit.commands.categories.test_multiplayer_commands.TestMpBan" name="test_ban_success" time="0.001" /><testcase classname="tests.unit.commands.categories.test_multiplayer_commands.TestMpUnban" name="test_unban_success" time="0.001" /><testcase classname="tests.unit.commands.categories.test_multiplayer_commands.TestMpPick" name="test_pick_success" time="0.001" /><testcase classname="tests.unit.commands.categories.test_multiplayer_commands.TestMpPick" name="test_pick_no_pool" time="0.000" /><testcase classname="tests.unit.commands.categories.test_multiplayer_commands.TestMpPick" name="test_pick_invalid_syntax" time="0.000" /><testcase classname="tests.unit.commands.categories.test_multiplayer_commands.TestMpPick" name="test_pick_map_not_found" time="0.001" /><testcase classname="tests.unit.commands.categories.test_multiplayer_commands.TestMpPick" name="test_pick_banned" time="0.001" /><testcase classname="tests.unit.commands.categories.test_multiplayer_commands.TestMpPick" name="test_pick_beatmap_not_found" time="0.001" /><testcase classname="tests.unit.commands.categories.test_multiplayer_commands.TestMpPick" name="test_pick_freemods_disabled" time="0.001" /><testcase classname="tests.unit.commands.categories.test_multiplayer_commands.TestMpBanEdgeCases" name="test_ban_invalid_syntax" time="0.000" /><testcase classname="tests.unit.commands.categories.test_multiplayer_commands.TestMpBanEdgeCases" name="test_ban_no_pool" time="0.000" /><testcase classname="tests.unit.commands.categories.test_multiplayer_commands.TestMpBanEdgeCases" name="test_ban_invalid_pick_syntax" time="0.000" /><testcase classname="tests.unit.commands.categories.test_multiplayer_commands.TestMpBanEdgeCases" name="test_ban_already_banned" time="0.001" /><testcase classname="tests.unit.commands.categories.test_multiplayer_commands.TestMpBanEdgeCases" name="test_ban_map_not_in_pool" time="0.001" /><testcase classname="tests.unit.commands.categories.test_multiplayer_commands.TestMpUnbanEdgeCases" name="test_unban_invalid_syntax" time="0.000" /><testcase classname="tests.unit.commands.categories.test_multiplayer_commands.TestMpUnbanEdgeCases" name="test_unban_invalid_pick_syntax" time="0.000" /><testcase classname="tests.unit.commands.categories.test_multiplayer_commands.TestMpUnbanEdgeCases" name="test_unban_no_pool" time="0.000" /><testcase classname="tests.unit.commands.categories.test_multiplayer_commands.TestMpUnbanEdgeCases" name="test_unban_not_banned" time="0.001" /><testcase classname="tests.unit.commands.categories.test_multiplayer_commands.TestMpUnbanEdgeCases" name="test_unban_map_not_banned" time="0.001" /><testcase classname="tests.unit.commands.categories.test_multiplayer_commands.TestMpTeamsEdgeCases" name="test_teams_invalid_syntax" time="0.000" /><testcase classname="tests.unit.commands.categories.test_multiplayer_commands.TestMpConditionEdgeCases" name="test_condition_invalid_syntax" time="0.000" /><testcase classname="tests.unit.commands.categories.test_multiplayer_commands.TestMpScrimEdgeCases" name="test_scrim_no_args" time="0.000" /><testcase classname="tests.unit.commands.categories.test_multiplayer_commands.TestMpScrimEdgeCases" name="test_scrim_already_scrimming" time="0.000" /><testcase classname="tests.unit.commands.categories.test_multiplayer_commands.TestMpRematchEdgeCases" name="test_rematch_not_scrimming" time="0.000" /><testcase classname="tests.unit.commands.categories.test_multiplayer_commands.TestMpRematchEdgeCases" name="test_rematch_no_winners" time="0.000" /><testcase classname="tests.unit.commands.categories.test_multiplayer_commands.TestMpForceEdgeCases" name="test_force_invalid_syntax" time="0.000" /><testcase classname="tests.unit.commands.categories.test_multiplayer_commands.TestMpForceEdgeCases" name="test_force_player_not_found" time="0.000" /><testcase classname="tests.unit.commands.categories.test_multiplayer_commands.TestMpLoadpoolEdgeCases" name="test_loadpool_invalid_syntax" time="0.000" /><testcase classname="tests.unit.commands.categories.test_multiplayer_commands.TestMpLoadpoolEdgeCases" name="test_loadpool_not_found" time="0.001" /><testcase classname="tests.unit.commands.categories.test_multiplayer_commands.TestMpLoadpoolEdgeCases" name="test_loadpool_not_host" time="0.000" /><testcase classname="tests.unit.commands.categories.test_multiplayer_commands.TestMpUnloadpoolEdgeCases" name="test_unloadpool_no_pool" time="0.000" /><testcase classname="tests.unit.commands.categories.test_multiplayer_commands.TestMpUnloadpoolEdgeCases" name="test_unloadpool_not_host" time="0.000" /><testcase classname="tests.unit.commands.categories.test_multiplayer_commands.TestMpHelpEdgeCases" name="test_help_no_match" time="0.000" /><testcase classname="tests.unit.commands.categories.test_multiplayer_commands.TestMpHelpEdgeCases" name="test_help_not_in_match_channel" time="0.000" /><testcase classname="tests.unit.commands.categories.test_multiplayer_commands.TestMpHelpEdgeCases" name="test_help_no_permission" time="0.000" /><testcase classname="tests.unit.commands.categories.test_multiplayer_commands.TestMpHelpEdgeCases" name="test_help_success" time="0.001" /><testcase classname="tests.unit.commands.categories.test_multiplayer_commands.TestMpHelpEdgeCases" name="test_help_excludes_hidden_commands" time="0.001" /><testcase classname="tests.unit.commands.categories.test_multiplayer_commands.TestMpHelpEdgeCases" name="test_help_excludes_insufficient_privileges" time="0.001" /><testcase classname="tests.unit.commands.categories.test_multiplayer_commands.TestEnsureMatchDecorator" name="test_ensure_match_player_not_in_match" time="0.000" /><testcase classname="tests.unit.commands.categories.test_multiplayer_commands.TestEnsureMatchDecorator" name="test_ensure_match_message_not_in_match_channel" time="0.000" /><testcase classname="tests.unit.commands.categories.test_multiplayer_commands.TestEnsureMatchDecorator" name="test_ensure_match_no_permission" time="0.000" /><testcase classname="tests.unit.commands.categories.test_multiplayer_commands.TestEnsureMatchDecorator" name="test_ensure_match_with_tournament_manager" time="0.000" /><testcase classname="tests.unit.commands.categories.test_multiplayer_commands.TestEnsureMatchDecorator" name="test_ensure_match_with_ref" time="0.000" /><testcase classname="tests.unit.commands.categories.test_multiplayer_commands.TestMpScrimAlreadyScrimming" name="test_scrim_already_scrimming" time="0.000" /><testcase classname="tests.unit.commands.categories.test_multiplayer_commands.TestMpScrimAlreadyScrimming" name="test_scrim_cancel_not_scrimming" time="0.000" /><testcase classname="tests.unit.commands.categories.test_multiplayer_commands.TestMpModsFreemodsRuntimeError" name="test_mods_freemods_slot_not_found" time="0.000" /><testcase classname="tests.unit.commands.categories.test_multiplayer_commands.TestMpFreemodsOffHostSlotNotFound" name="test_freemods_off_host_slot_not_found" time="0.000" /><testcase classname="tests.unit.commands.categories.test_multiplayer_commands.TestMpUnloadpoolNoPool" name="test_unloadpool_no_pool_selected" time="0.000" /><testcase classname="tests.unit.commands.categories.test_nominator_commands.TestRequest" name="test_request_success" time="0.002" /><testcase classname="tests.unit.commands.categories.test_nominator_commands.TestRequest" name="test_request_invalid_syntax" time="0.000" /><testcase classname="tests.unit.commands.categories.test_nominator_commands.TestRequest" name="test_request_no_last_np" time="0.000" /><testcase classname="tests.unit.commands.categories.test_nominator_commands.TestRequest" name="test_request_already_exists" time="0.001" /><testcase classname="tests.unit.commands.categories.test_nominator_commands.TestRequest" name="test_request_pending_only_setting" time="0.000" /><testcase classname="tests.unit.commands.categories.test_nominator_commands.TestRequests" name="test_requests_success" time="0.001" /><testcase classname="tests.unit.commands.categories.test_nominator_commands.TestRequests" name="test_requests_empty_queue" time="0.001" /><testcase classname="tests.unit.commands.categories.test_nominator_commands.TestRequests" name="test_requests_invalid_syntax" time="0.000" /><testcase classname="tests.unit.commands.categories.test_nominator_commands.TestMap" name="test_map_rank_map" time="0.003" /><testcase classname="tests.unit.commands.categories.test_nominator_commands.TestMap" name="test_map_rank_set" time="0.003" /><testcase classname="tests.unit.commands.categories.test_nominator_commands.TestMap" name="test_map_unrank" time="0.003" /><testcase classname="tests.unit.commands.categories.test_nominator_commands.TestMap" name="test_map_love" time="0.004" /><testcase classname="tests.unit.commands.categories.test_nominator_commands.TestMap" name="test_map_invalid_syntax" time="0.000" /><testcase classname="tests.unit.commands.categories.test_nominator_commands.TestMap" name="test_map_no_last_np" time="1.010" /><testcase classname="tests.unit.commands.categories.test_nominator_commands.TestMap" name="test_map_already_ranked" time="0.000" /><testcase classname="tests.unit.commands.categories.test_season_commands.TestSeasonCreate" name="test_create_success" time="0.002" /><testcase classname="tests.unit.commands.categories.test_season_commands.TestSeasonCreate" name="test_create_disabled" time="0.001" /><testcase classname="tests.unit.commands.categories.test_season_commands.TestSeasonCreate" name="test_create_invalid_syntax" time="0.001" /><testcase classname="tests.unit.commands.categories.test_season_commands.TestSeasonCreate" name="test_create_schedule_not_found" time="0.001" /><testcase classname="tests.unit.commands.categories.test_season_commands.TestSeasonStart" name="test_start_success" time="0.001" /><testcase classname="tests.unit.commands.categories.test_season_commands.TestSeasonStart" name="test_start_already_active" time="0.001" /><testcase classname="tests.unit.commands.categories.test_season_commands.TestSeasonEnd" name="test_end_success" time="0.002" /><testcase classname="tests.unit.commands.categories.test_season_commands.TestSeasonEnd" name="test_end_not_active" time="0.001" /><testcase classname="tests.unit.commands.categories.test_season_commands.TestRecalcSeasonStats" name="test_recalc_all" time="0.001" /><testcase classname="tests.unit.commands.categories.test_season_commands.TestRecalcSeasonStats" name="test_recalc_one" time="0.001" /><testcase classname="tests.unit.commands.categories.test_season_commands.TestSeasonList" name="test_list_success" time="0.001" /><testcase classname="tests.unit.commands.categories.test_season_commands.TestSeasonList" name="test_list_no_seasons" time="0.001" /><testcase classname="tests.unit.commands.categories.test_season_commands.TestSeasonSchedule" name="test_schedule_create" time="0.001" /><testcase classname="tests.unit.commands.categories.test_season_commands.TestSeasonSchedule" name="test_schedule_list" time="0.001" /><testcase classname="tests.unit.commands.categories.test_season_commands.TestSeasonSchedule" name="test_schedule_invalid_action" time="0.000" /><testcase classname="tests.unit.commands.categories.test_season_commands.TestSeasons" name="test_toggle_to_seasonal" time="0.001" /><testcase classname="tests.unit.commands.categories.test_season_commands.TestSeasons" name="test_toggle_to_all_time" time="0.001" /><testcase classname="tests.unit.commands.categories.test_season_commands.TestSeasons" name="test_view_specific_season" time="0.001" /><testcase classname="tests.unit.commands.categories.test_season_commands.TestSeasons" name="test_view_all_time" time="0.001" /><testcase classname="tests.unit.commands.categories.test_season_commands.TestSeasonsAll" name="test_seasons_all" time="0.001" /><testcase classname="tests.unit.commands.categories.test_season_commands.TestSeasonCreateEdgeCases" name="test_create_invalid_schedule_id" time="0.000" /><testcase classname="tests.unit.commands.categories.test_season_commands.TestSeasonCreateEdgeCases" name="test_create_no_provider" time="0.001" /><testcase classname="tests.unit.commands.categories.test_season_commands.TestSeasonStartEdgeCases" name="test_start_invalid_syntax" time="0.000" /><testcase classname="tests.unit.commands.categories.test_season_commands.TestSeasonStartEdgeCases" name="test_start_non_numeric" time="0.001" /><testcase classname="tests.unit.commands.categories.test_season_commands.TestSeasonStartEdgeCases" name="test_start_not_found" time="0.001" /><testcase classname="tests.unit.commands.categories.test_season_commands.TestSeasonEndEdgeCases" name="test_end_invalid_syntax" time="0.000" /><testcase classname="tests.unit.commands.categories.test_season_commands.TestSeasonEndEdgeCases" name="test_end_not_found" time="0.001" /><testcase classname="tests.unit.commands.categories.test_season_commands.TestSeasonScheduleEdgeCases" name="test_schedule_create_invalid_type" time="0.001" /><testcase classname="tests.unit.commands.categories.test_season_commands.TestSeasonScheduleEdgeCases" name="test_schedule_invalid_action" time="0.000" /><testcase classname="tests.unit.commands.categories.test_season_commands.TestSeasonScheduleEdgeCases" name="test_schedule_create_missing_args" time="0.001" /><testcase classname="tests.unit.commands.categories.test_season_commands.TestSeasonsEdgeCases" name="test_seasons_invalid_action" time="0.000" /><testcase classname="tests.unit.commands.categories.test_season_commands.TestSeasonsEdgeCases" name="test_seasons_view_nonexistent" time="0.001" /><testcase classname="tests.unit.commands.categories.test_season_commands.TestRecalcSeasonStatsEdgeCases" name="test_recalc_invalid_syntax" time="0.001" /><testcase classname="tests.unit.commands.categories.test_season_commands.TestRecalcSeasonStatsEdgeCases" name="test_recalc_season_not_found" time="0.001" /><testcase classname="tests.unit.commands.categories.test_season_commands.TestIsSeasonsEnabled" name="test_seasons_enabled_true" time="0.000" /><testcase classname="tests.unit.commands.categories.test_season_commands.TestIsSeasonsEnabled" name="test_seasons_enabled_false" time="0.001" /><testcase classname="tests.unit.commands.categories.test_season_commands.TestIsSeasonsEnabled" name="test_seasons_enabled_exception" time="0.000" /><testcase classname="tests.unit.commands.categories.test_season_commands.TestSeasonStartDisabled" name="test_start_disabled" time="0.002" /><testcase classname="tests.unit.commands.categories.test_season_commands.TestSeasonEndDisabled" name="test_end_disabled" time="0.000" /><testcase classname="tests.unit.commands.categories.test_season_commands.TestRecalcSeasonStatsDisabled" name="test_recalc_disabled" time="0.001" /><testcase classname="tests.unit.commands.categories.test_season_commands.TestRecalcSeasonStatsNoArgs" name="test_recalc_no_args" time="0.000" /><testcase classname="tests.unit.commands.categories.test_season_commands.TestRecalcSeasonStatsAllEmpty" name="test_recalc_all_no_seasons" time="0.001" /><testcase classname="tests.unit.commands.categories.test_season_commands.TestRecalcSeasonStatsSingle" name="test_recalc_single_success" time="0.001" /><testcase classname="tests.unit.commands.categories.test_season_commands.TestSeasonListDisabled" name="test_list_disabled" time="0.001" /><testcase classname="tests.unit.commands.categories.test_season_commands.TestSeasonScheduleDisabled" name="test_schedule_disabled" time="0.000" /><testcase classname="tests.unit.commands.categories.test_season_commands.TestSeasonScheduleNoArgs" name="test_schedule_no_args" time="0.001" /><testcase classname="tests.unit.commands.categories.test_season_commands.TestSeasonScheduleListEmpty" name="test_schedule_list_empty" time="0.001" /><testcase classname="tests.unit.commands.categories.test_season_commands.TestSeasonsInvalidSeasonId" name="test_seasons_non_numeric" time="0.000" /><testcase classname="tests.unit.commands.categories.test_user_commands.TestRollCommand" name="test_roll_custom_sides" time="0.000" /><testcase classname="tests.unit.commands.categories.test_user_commands.TestRollCommand" name="test_roll_zero_sides" time="0.000" /><testcase classname="tests.unit.commands.categories.test_user_commands.TestRollCommand" name="test_roll_invalid_arg" time="0.000" /><testcase classname="tests.unit.commands.categories.test_user_commands.TestRollCommand" name="test_roll_large_number" time="0.000" /><testcase classname="tests.unit.commands.categories.test_user_commands.TestBlockCommand" name="test_block_user_success" time="0.001" /><testcase classname="tests.unit.commands.categories.test_user_commands.TestBlockCommand" name="test_block_user_not_found" time="0.002" /><testcase classname="tests.unit.commands.categories.test_user_commands.TestBlockCommand" name="test_block_bot" time="0.000" /><testcase classname="tests.unit.commands.categories.test_user_commands.TestBlockCommand" name="test_block_self" time="0.000" /><testcase classname="tests.unit.commands.categories.test_user_commands.TestBlockCommand" name="test_block_already_blocked" time="0.001" /><testcase classname="tests.unit.commands.categories.test_user_commands.TestBlockCommand" name="test_block_removes_from_friends" time="0.001" /><testcase classname="tests.unit.commands.categories.test_user_commands.TestUnblockCommand" name="test_unblock_user_success" time="0.001" /><testcase classname="tests.unit.commands.categories.test_user_commands.TestUnblockCommand" name="test_unblock_user_not_found" time="0.000" /><testcase classname="tests.unit.commands.categories.test_user_commands.TestUnblockCommand" name="test_unblock_not_blocked" time="0.001" /><testcase classname="tests.unit.commands.categories.test_user_commands.TestReconnectCommand" name="test_reconnect_self" time="0.000" /><testcase classname="tests.unit.commands.categories.test_user_commands.TestReconnectCommand" name="test_reconnect_other_user_as_admin" time="0.000" /><testcase classname="tests.unit.commands.categories.test_user_commands.TestReconnectCommand" name="test_reconnect_other_user_as_regular" time="0.000" /><testcase classname="tests.unit.commands.categories.test_user_commands.TestReconnectCommand" name="test_reconnect_player_not_found" time="0.000" /><testcase classname="tests.unit.commands.categories.test_user_commands.TestChangenameCommand" name="test_changename_valid" time="0.001" /><testcase classname="tests.unit.commands.categories.test_user_commands.TestChangenameCommand" name="test_changename_too_short" time="0.000" /><testcase classname="tests.unit.commands.categories.test_user_commands.TestChangenameCommand" name="test_changename_too_long" time="0.000" /><testcase classname="tests.unit.commands.categories.test_user_commands.TestChangenameCommand" name="test_changename_invalid_chars" time="0.000" /><testcase classname="tests.unit.commands.categories.test_user_commands.TestChangenameCommand" name="test_changename_both_underscore_and_space" time="0.000" /><testcase classname="tests.unit.commands.categories.test_user_commands.TestChangenameCommand" name="test_changename_disallowed" time="0.000" /><testcase classname="tests.unit.commands.categories.test_user_commands.TestChangenameCommand" name="test_changename_taken" time="0.001" /><testcase classname="tests.unit.commands.categories.test_user_commands.TestMaplinkCommand" name="test_maplink_from_match" time="0.001" /><testcase classname="tests.unit.commands.categories.test_user_commands.TestMaplinkCommand" name="test_maplink_from_spectating" time="0.001" /><testcase classname="tests.unit.commands.categories.test_user_commands.TestMaplinkCommand" name="test_maplink_from_last_np" time="0.000" /><testcase classname="tests.unit.commands.categories.test_user_commands.TestMaplinkCommand" name="test_maplink_no_map_found" time="0.000" /><testcase classname="tests.unit.commands.categories.test_user_commands.TestRecentCommand" name="test_recent_self" time="0.000" /><testcase classname="tests.unit.commands.categories.test_user_commands.TestRecentCommand" name="test_recent_other_player" time="0.001" /><testcase classname="tests.unit.commands.categories.test_user_commands.TestRecentCommand" name="test_recent_no_score" time="0.000" /><testcase classname="tests.unit.commands.categories.test_user_commands.TestRecentCommand" name="test_recent_no_beatmap" time="0.000" /><testcase classname="tests.unit.commands.categories.test_user_commands.TestRecentCommand" name="test_recent_failed_score" time="0.000" /><testcase classname="tests.unit.commands.categories.test_user_commands.TestTopCommand" name="test_top_valid_syntax" time="0.001" /><testcase classname="tests.unit.commands.categories.test_user_commands.TestTopCommand" name="test_top_invalid_syntax" time="0.000" /><testcase classname="tests.unit.commands.categories.test_user_commands.TestTopCommand" name="test_top_invalid_gamemode" time="0.000" /><testcase classname="tests.unit.commands.categories.test_user_commands.TestTopCommand" name="test_top_impossible_gamemode" time="0.000" /><testcase classname="tests.unit.commands.categories.test_user_commands.TestTopCommand" name="test_top_with_player" time="0.001" /><testcase classname="tests.unit.commands.categories.test_user_commands.TestTopCommand" name="test_top_no_scores" time="0.001" /><testcase classname="tests.unit.commands.categories.test_user_commands.TestWithCommand" name="test_with_not_in_dm" time="0.000" /><testcase classname="tests.unit.commands.categories.test_user_commands.TestWithCommand" name="test_with_no_last_np" time="0.000" /><testcase classname="tests.unit.commands.categories.test_user_commands.TestWithCommand" name="test_with_expired_last_np" time="0.000" /><testcase classname="tests.unit.commands.categories.test_user_commands.TestWithCommand" name="test_with_valid_args" time="0.001" /><testcase classname="tests.unit.commands.categories.test_user_commands.TestRequestCommand" name="test_request_with_args" time="0.000" /><testcase classname="tests.unit.commands.categories.test_user_commands.TestRequestCommand" name="test_request_no_last_np" time="0.000" /><testcase classname="tests.unit.commands.categories.test_user_commands.TestRequestCommand" name="test_request_pending_only" time="0.000" /><testcase classname="tests.unit.commands.categories.test_user_commands.TestRequestCommand" name="test_request_already_exists" time="0.001" /><testcase classname="tests.unit.commands.categories.test_user_commands.TestRequestCommand" name="test_request_success" time="0.001" /><testcase classname="tests.unit.commands.categories.test_user_commands.TestApikeyCommand" name="test_apikey_not_in_dm" time="0.000" /><testcase classname="tests.unit.commands.categories.test_user_commands.TestApikeyCommand" name="test_apikey_generate_new" time="0.001" /><testcase classname="tests.unit.commands.categories.test_user_commands.TestApikeyCommand" name="test_apikey_replace_old" time="0.001" /><testcase classname="tests.unit.commands.categories.test_user_commands.TestUnblockBotOrSelf" name="test_unblock_bot" time="0.000" /><testcase classname="tests.unit.commands.categories.test_user_commands.TestUnblockBotOrSelf" name="test_unblock_self" time="0.001" /><testcase classname="tests.unit.commands.categories.test_user_commands.TestRecentOtherPlayerNotFound" name="test_recent_other_not_found" time="0.000" /><testcase classname="tests.unit.commands.categories.test_user_commands.TestTopTooManyArgs" name="test_top_too_many_args" time="0.000" /><testcase classname="tests.unit.commands.categories.test_user_commands.TestTopPlayerNotFound" name="test_top_player_not_found" time="0.001" /><testcase classname="tests.unit.commands.categories.test_user_commands.TestWithBotNone" name="test_with_bot_none" time="0.000" /><testcase classname="tests.unit.commands.categories.test_user_commands.TestWithMapfileNotFound" name="test_with_mapfile_not_found" time="0.001" /><testcase classname="tests.unit.commands.categories.test_user_commands.TestWithParsingError" name="test_with_invalid_syntax" time="0.001" /><testcase classname="tests.unit.commands.categories.test_user_commands.TestParseWithCommandArgs" name="test_parse_valid_args" time="0.000" /><testcase classname="tests.unit.commands.categories.test_user_commands.TestParseWithCommandArgs" name="test_parse_empty_args" time="0.000" /><testcase classname="tests.unit.commands.categories.test_user_commands.TestParseWithCommandArgs" name="test_parse_too_many_args" time="0.000" /><testcase classname="tests.unit.commands.categories.test_user_commands.TestParseWithCommandArgs" name="test_parse_unknown_arg" time="0.000" /><testcase classname="tests.unit.commands.categories.test_user_commands.TestParseWithCommandArgs" name="test_parse_invalid_accuracy" time="0.000" /><testcase classname="tests.unit.commands.categories.test_user_commands.TestParseWithCommandArgs" name="test_parse_only_acc" time="0.000" /><testcase classname="tests.unit.commands.categories.test_user_commands.TestParseWithCommandArgs" name="test_parse_only_mods" time="0.000" /><testcase classname="tests.unit.commands.categories.test_user_commands.TestRecentOtherPlayerWithScore" name="test_recent_other_player_no_score" time="0.000" /><testcase classname="tests.unit.commands.categories.test_user_commands.TestRecentOtherPlayerWithScore" name="test_recent_other_player_with_beatmap" time="0.000" /><testcase classname="tests.unit.commands.categories.test_user_commands.TestRecentOtherPlayerWithScore" name="test_recent_other_player_failed" time="0.001" /><testcase classname="tests.unit.commands.test_base.TestCommandMetadata" name="test_minimal_metadata" time="0.000" /><testcase classname="tests.unit.commands.test_base.TestCommandMetadata" name="test_full_metadata" time="0.001" /><testcase classname="tests.unit.commands.test_base.TestCommand" name="test_command_creation" time="0.001" /><testcase classname="tests.unit.commands.test_base.TestCommand" name="test_command_empty_triggers_raises" time="0.000" /><testcase classname="tests.unit.commands.test_base.TestCommand" name="test_command_empty_name_raises" time="0.000" /><testcase classname="tests.unit.commands.test_base.TestCommandBuilder" name="test_builder_minimal" time="0.001" /><testcase classname="tests.unit.commands.test_base.TestCommandBuilder" name="test_builder_with_triggers" time="0.000" /><testcase classname="tests.unit.commands.test_base.TestCommandBuilder" name="test_builder_with_privileges" time="0.000" /><testcase classname="tests.unit.commands.test_base.TestCommandBuilder" name="test_builder_with_description" time="0.001" /><testcase classname="tests.unit.commands.test_base.TestCommandBuilder" name="test_builder_with_detailed_help" time="0.000" /><testcase classname="tests.unit.commands.test_base.TestCommandBuilder" name="test_builder_with_examples" time="0.001" /><testcase classname="tests.unit.commands.test_base.TestCommandBuilder" name="test_builder_with_usage" time="0.001" /><testcase classname="tests.unit.commands.test_base.TestCommandBuilder" name="test_builder_with_hidden" time="0.000" /><testcase classname="tests.unit.commands.test_base.TestCommandBuilder" name="test_builder_with_namespace" time="0.000" /><testcase classname="tests.unit.commands.test_base.TestCommandBuilder" name="test_builder_with_validator" time="0.001" /><testcase classname="tests.unit.commands.test_base.TestCommandBuilder" name="test_builder_with_pre_hook" time="0.001" /><testcase classname="tests.unit.commands.test_base.TestCommandBuilder" name="test_builder_with_post_hook_two_params" time="0.001" /><testcase classname="tests.unit.commands.test_base.TestCommandBuilder" name="test_builder_fluent_chaining" time="0.000" /><testcase classname="tests.unit.commands.test_base.TestCommandBuilder" name="test_builder_multiple_validators" time="0.001" /><testcase classname="tests.unit.commands.test_base.TestCommandBuilder" name="test_builder_multiple_hooks" time="0.001" /><testcase classname="tests.unit.commands.test_base.TestCommandDecorator" name="test_command_decorator_basic" time="0.000" /><testcase classname="tests.unit.commands.test_base.TestCommandDecorator" name="test_command_decorator_with_triggers" time="0.000" /><testcase classname="tests.unit.commands.test_base.TestCommandDecorator" name="test_command_decorator_with_privileges" time="0.000" /><testcase classname="tests.unit.commands.test_base.TestCommandDecorator" name="test_command_decorator_with_all_options" time="0.001" /><testcase classname="tests.unit.commands.test_base.TestConvenienceDecorators" name="test_user_command_decorator" time="0.000" /><testcase classname="tests.unit.commands.test_base.TestConvenienceDecorators" name="test_nominator_command_decorator" time="0.000" /><testcase classname="tests.unit.commands.test_base.TestConvenienceDecorators" name="test_moderator_command_decorator" time="0.000" /><testcase classname="tests.unit.commands.test_base.TestConvenienceDecorators" name="test_administrator_command_decorator" time="0.000" /><testcase classname="tests.unit.commands.test_base.TestConvenienceDecorators" name="test_developer_command_decorator" time="0.000" /><testcase classname="tests.unit.commands.test_base.TestConvenienceDecorators" name="test_multiplayer_command_decorator" time="0.000" /><testcase classname="tests.unit.commands.test_base.TestConvenienceDecorators" name="test_mappool_command_decorator" time="0.000" /><testcase classname="tests.unit.commands.test_base.TestConvenienceDecorators" name="test_clan_command_decorator" time="0.000" /><testcase classname="tests.unit.commands.test_base.TestConvenienceDecorators" name="test_season_command_decorator" time="0.000" /><testcase classname="tests.unit.commands.test_base.TestConvenienceDecorators" name="test_convenience_decorators_with_extra_options" time="0.000" /><testcase classname="tests.unit.commands.test_base.TestCommandError" name="test_command_error_creation" time="0.000" /><testcase classname="tests.unit.commands.test_base.TestCommandError" name="test_command_error_inheritance" time="0.000" /><testcase classname="tests.unit.commands.test_base.TestValidationError" name="test_validation_error_creation" time="0.000" /><testcase classname="tests.unit.commands.test_base.TestValidationError" name="test_validation_error_inheritance" time="0.000" /><testcase classname="tests.unit.commands.test_base.TestCommandCategory" name="test_category_values" time="0.000" /><testcase classname="tests.unit.commands.test_base.TestCommandCategory" name="test_category_count" time="0.000" /><testcase classname="tests.unit.commands.test_command_context.TestContextCreation" name="test_context_creation" time="0.000" /><testcase classname="tests.unit.commands.test_command_context.TestContextCreation" name="test_context_without_optional_fields" time="0.000" /><testcase classname="tests.unit.commands.test_command_context.TestContextHelperMethods" name="test_get_player" time="0.001" /><testcase classname="tests.unit.commands.test_command_context.TestContextHelperMethods" name="test_get_player_not_found" time="0.000" /><testcase classname="tests.unit.commands.test_command_context.TestContextHelperMethods" name="test_reply" time="0.000" /><testcase classname="tests.unit.commands.test_command_context.TestContextHelperMethods" name="test_reply_hidden" time="0.000" /><testcase classname="tests.unit.commands.test_command_context.TestCommandResponse" name="test_command_response_creation" time="0.000" /><testcase classname="tests.unit.commands.test_command_context.TestCommandResponse" name="test_command_response_with_hidden" time="0.000" /><testcase classname="tests.unit.commands.test_command_context.TestCommandResponse" name="test_command_response_with_silence_duration" time="0.000" /><testcase classname="tests.unit.commands.test_command_context.TestContextEdgeCases" name="test_context_with_empty_args" time="0.000" /><testcase classname="tests.unit.commands.test_command_context.TestContextEdgeCases" name="test_context_with_many_args" time="0.000" /><testcase classname="tests.unit.commands.test_command_context.TestContextEdgeCases" name="test_context_with_special_characters_in_args" time="0.000" /><testcase classname="tests.unit.commands.test_command_context.TestContextWithDifferentRecipients" name="test_context_with_channel_recipient" time="0.000" /><testcase classname="tests.unit.commands.test_command_context.TestContextWithDifferentRecipients" name="test_context_with_player_recipient" time="0.000" /><testcase classname="tests.unit.commands.test_command_context.TestContextWithParsedDurations" name="test_parsed_durations_initialization" time="0.000" /><testcase classname="tests.unit.commands.test_command_context.TestContextWithParsedDurations" name="test_parsed_durations_assignment" time="0.000" /><testcase classname="tests.unit.commands.test_command_context.TestContextErrorMethod" name="test_error_creates_error_response" time="0.000" /><testcase classname="tests.unit.commands.test_command_context.TestContextErrorMethod" name="test_error_with_empty_message" time="0.000" /><testcase classname="tests.unit.commands.test_command_context.TestContextSuccessMethod" name="test_success_creates_success_response" time="0.000" /><testcase classname="tests.unit.commands.test_command_context.TestContextSuccessMethod" name="test_success_with_empty_message" time="0.000" /><testcase classname="tests.unit.commands.test_command_context.TestContextUsageErrorMethod" name="test_usage_error_with_message" time="0.000" /><testcase classname="tests.unit.commands.test_command_context.TestContextUsageErrorMethod" name="test_usage_error_without_message" time="0.000" /><testcase classname="tests.unit.commands.test_command_context.TestContextUsageErrorMethod" name="test_usage_error_with_empty_usage" time="0.000" /><testcase classname="tests.unit.commands.test_command_context.TestContextHasArgsProperty" name="test_has_args_with_empty_args" time="0.000" /><testcase classname="tests.unit.commands.test_command_context.TestContextHasArgsProperty" name="test_has_args_with_args" time="0.000" /><testcase classname="tests.unit.commands.test_command_context.TestContextHasArgsProperty" name="test_has_args_with_single_arg" time="0.000" /><testcase classname="tests.unit.commands.test_command_context.TestContextArgCountProperty" name="test_arg_count_with_empty_args" time="0.000" /><testcase classname="tests.unit.commands.test_command_context.TestContextArgCountProperty" name="test_arg_count_with_args" time="0.000" /><testcase classname="tests.unit.commands.test_command_context.TestContextArgCountProperty" name="test_arg_count_with_many_args" time="0.000" /><testcase classname="tests.unit.commands.test_command_context.TestContextGetArgMethod" name="test_get_arg_valid_index" time="0.000" /><testcase classname="tests.unit.commands.test_command_context.TestContextGetArgMethod" name="test_get_arg_out_of_bounds" time="0.000" /><testcase classname="tests.unit.commands.test_command_context.TestContextGetArgMethod" name="test_get_arg_with_default" time="0.000" /><testcase classname="tests.unit.commands.test_command_context.TestContextGetArgMethod" name="test_get_arg_negative_index" time="0.000" /><testcase classname="tests.unit.commands.test_command_context.TestContextJoinArgsMethod" name="test_join_args_all" time="0.000" /><testcase classname="tests.unit.commands.test_command_context.TestContextJoinArgsMethod" name="test_join_args_from_index" time="0.000" /><testcase classname="tests.unit.commands.test_command_context.TestContextJoinArgsMethod" name="test_join_args_with_range" time="0.000" /><testcase classname="tests.unit.commands.test_command_context.TestContextJoinArgsMethod" name="test_join_args_with_custom_separator" time="0.000" /><testcase classname="tests.unit.commands.test_command_context.TestContextJoinArgsMethod" name="test_join_args_empty_context" time="0.000" /><testcase classname="tests.unit.commands.test_command_context.TestContextJoinArgsMethod" name="test_join_args_single_arg" time="0.000" /><testcase classname="tests.unit.commands.test_context_extended.TestCommandResponse" name="test_basic_response" time="0.000" /><testcase classname="tests.unit.commands.test_context_extended.TestCommandResponse" name="test_hidden_response" time="0.000" /><testcase classname="tests.unit.commands.test_context_extended.TestCommandResponse" name="test_response_with_silence" time="0.000" /><testcase classname="tests.unit.commands.test_context_extended.TestContextGetPlayer" name="test_get_player_found" time="0.001" /><testcase classname="tests.unit.commands.test_context_extended.TestContextGetPlayer" name="test_get_player_not_found" time="0.000" /><testcase classname="tests.unit.commands.test_context_extended.TestContextGetPlayer" name="test_get_player_by_id_found" time="0.001" /><testcase classname="tests.unit.commands.test_context_extended.TestContextGetPlayer" name="test_get_player_by_id_not_found" time="0.000" /><testcase classname="tests.unit.commands.test_context_extended.TestContextReplyMethods" name="test_reply_basic" time="0.000" /><testcase classname="tests.unit.commands.test_context_extended.TestContextReplyMethods" name="test_reply_hidden" time="0.000" /><testcase classname="tests.unit.commands.test_context_extended.TestContextReplyMethods" name="test_error" time="0.000" /><testcase classname="tests.unit.commands.test_context_extended.TestContextReplyMethods" name="test_success" time="0.000" /><testcase classname="tests.unit.commands.test_context_extended.TestContextReplyMethods" name="test_usage_error_with_message" time="0.000" /><testcase classname="tests.unit.commands.test_context_extended.TestContextReplyMethods" name="test_usage_error_without_message" time="0.000" /><testcase classname="tests.unit.commands.test_context_extended.TestContextProperties" name="test_has_args_true" time="0.000" /><testcase classname="tests.unit.commands.test_context_extended.TestContextProperties" name="test_has_args_false" time="0.000" /><testcase classname="tests.unit.commands.test_context_extended.TestContextProperties" name="test_arg_count" time="0.000" /><testcase classname="tests.unit.commands.test_context_extended.TestContextProperties" name="test_arg_count_empty" time="0.000" /><testcase classname="tests.unit.commands.test_context_extended.TestContextGetArg" name="test_get_arg_valid_index" time="0.000" /><testcase classname="tests.unit.commands.test_context_extended.TestContextGetArg" name="test_get_arg_invalid_index" time="0.000" /><testcase classname="tests.unit.commands.test_context_extended.TestContextGetArg" name="test_get_arg_with_default" time="0.000" /><testcase classname="tests.unit.commands.test_context_extended.TestContextGetArg" name="test_get_arg_empty_args" time="0.000" /><testcase classname="tests.unit.commands.test_context_extended.TestContextJoinArgs" name="test_join_args_all" time="0.000" /><testcase classname="tests.unit.commands.test_context_extended.TestContextJoinArgs" name="test_join_args_from_index" time="0.000" /><testcase classname="tests.unit.commands.test_context_extended.TestContextJoinArgs" name="test_join_args_with_range" time="0.000" /><testcase classname="tests.unit.commands.test_context_extended.TestContextJoinArgs" name="test_join_args_custom_separator" time="0.000" /><testcase classname="tests.unit.commands.test_context_extended.TestContextJoinArgs" name="test_join_args_empty" time="0.000" /><testcase classname="tests.unit.commands.test_context_extended.TestContextJoinArgs" name="test_join_args_single" time="0.000" /><testcase classname="tests.unit.commands.test_context_extended.TestContextJoinArgs" name="test_join_args_end_none" time="0.000" /><testcase classname="tests.unit.commands.test_context_extended.TestContextParsedDurations" name="test_parsed_durations_initial_none" time="0.000" /><testcase classname="tests.unit.commands.test_context_extended.TestContextParsedDurations" name="test_parsed_durations_set" time="0.000" /><testcase classname="tests.unit.commands.test_context_extended.TestContextCommandField" name="test_command_initial_none" time="0.000" /><testcase classname="tests.unit.commands.test_context_extended.TestContextCommandField" name="test_command_set" time="0.000" /><testcase classname="tests.unit.commands.test_help_system.TestGenerateHelpMessage" name="test_general_help" time="0.000" /><testcase classname="tests.unit.commands.test_help_system.TestGenerateHelpMessage" name="test_category_help" time="0.000" /><testcase classname="tests.unit.commands.test_help_system.TestGenerateHelpMessage" name="test_search_help" time="0.000" /><testcase classname="tests.unit.commands.test_help_system.TestGenerateHelpMessage" name="test_help_excludes_hidden_commands" time="0.000" /><testcase classname="tests.unit.commands.test_help_system.TestGenerateHelpMessage" name="test_help_filters_by_privilege" time="0.000" /><testcase classname="tests.unit.commands.test_help_system.TestGenerateGeneralHelp" name="test_general_help_structure" time="0.000" /><testcase classname="tests.unit.commands.test_help_system.TestGenerateGeneralHelp" name="test_general_help_lists_categories" time="0.000" /><testcase classname="tests.unit.commands.test_help_system.TestGenerateGeneralHelp" name="test_general_help_with_custom_prefix" time="0.000" /><testcase classname="tests.unit.commands.test_help_system.TestGenerateCategoryHelp" name="test_user_category_help" time="0.000" /><testcase classname="tests.unit.commands.test_help_system.TestGenerateCategoryHelp" name="test_multiplayer_category_help" time="0.000" /><testcase classname="tests.unit.commands.test_help_system.TestGenerateCategoryHelp" name="test_developer_category_help" time="0.000" /><testcase classname="tests.unit.commands.test_help_system.TestGenerateCategoryHelp" name="test_category_help_filters_by_privilege" time="0.000" /><testcase classname="tests.unit.commands.test_help_system.TestGenerateSearchResults" name="test_search_finds_matching_commands" time="0.000" /><testcase classname="tests.unit.commands.test_help_system.TestGenerateSearchResults" name="test_search_no_results" time="0.000" /><testcase classname="tests.unit.commands.test_help_system.TestGenerateSearchResults" name="test_search_case_insensitive" time="0.000" /><testcase classname="tests.unit.commands.test_help_system.TestGenerateSearchResults" name="test_search_by_description" time="0.000" /><testcase classname="tests.unit.commands.test_help_system.TestGenerateSearchResults" name="test_search_excludes_hidden_commands" time="0.000" /><testcase classname="tests.unit.commands.test_help_system.TestGenerateCommandHelp" name="test_command_help_basic" time="0.000" /><testcase classname="tests.unit.commands.test_help_system.TestGenerateCommandHelp" name="test_command_help_not_found" time="0.000" /><testcase classname="tests.unit.commands.test_help_system.TestGenerateCommandHelp" name="test_command_help_namespace_command" time="0.000" /><testcase classname="tests.unit.commands.test_help_system.TestGenerateCommandHelp" name="test_command_help_no_permission" time="0.000" /><testcase classname="tests.unit.commands.test_help_system.TestGenerateCommandHelp" name="test_command_help_shows_aliases" time="0.000" /><testcase classname="tests.unit.commands.test_help_system.TestGenerateCommandHelp" name="test_command_help_shows_category" time="0.000" /><testcase classname="tests.unit.commands.test_help_system.TestGenerateCommandHelp" name="test_command_help_shows_examples" time="0.000" /><testcase classname="tests.unit.commands.test_help_system.TestGenerateCommandHelp" name="test_command_help_shows_privileges" time="0.000" /><testcase classname="tests.unit.commands.test_help_system.TestHelpWithDifferentPrivileges" name="test_general_help_developer" time="0.000" /><testcase classname="tests.unit.commands.test_help_system.TestHelpWithDifferentPrivileges" name="test_general_help_moderator" time="0.000" /><testcase classname="tests.unit.commands.test_help_system.TestHelpWithDifferentPrivileges" name="test_general_help_
[...]
<testcase classname="tests.unit.commands.test_validation.TestNumericValidator" name="test_value_above_maximum" time="0.000" /><testcase classname="tests.unit.commands.test_validation.TestNumericValidator" name="test_float_when_integer_required" time="0.000" /><testcase classname="tests.unit.commands.test_validation.TestNumericValidator" name="test_missing_numeric_value" time="0.000" /><testcase classname="tests.unit.commands.test_validation.TestChoiceValidator" name="test_valid_choice" time="0.000" /><testcase classname="tests.unit.commands.test_validation.TestChoiceValidator" name="test_invalid_choice" time="0.000" /><testcase classname="tests.unit.commands.test_validation.TestChoiceValidator" name="test_case_insensitive_choice" time="0.000" /><testcase classname="tests.unit.commands.test_validation.TestChoiceValidator" name="test_case_sensitive_choice" time="0.000" /><testcase classname="tests.unit.commands.test_validation.TestChoiceValidator" name="test_missing_choice" time="0.000" /><testcase classname="tests.unit.commands.test_validation.TestConvenienceFunctions" name="test_arg_count_convenience" time="0.000" /><testcase classname="tests.unit.commands.test_validation.TestConvenienceFunctions" name="test_player_exists_convenience" time="0.000" /><testcase classname="tests.unit.commands.test_validation.TestConvenienceFunctions" name="test_username_convenience" time="0.000" /><testcase classname="tests.unit.commands.test_validation.TestConvenienceFunctions" name="test_duration_convenience" time="0.000" /><testcase classname="tests.unit.commands.test_validation.TestConvenienceFunctions" name="test_reason_convenience" time="0.000" /><testcase classname="tests.unit.commands.test_validation.TestConvenienceFunctions" name="test_gamemode_convenience" time="0.000" /><testcase classname="tests.unit.commands.test_validation.TestConvenienceFunctions" name="test_mods_convenience" time="0.000" /><testcase classname="tests.unit.commands.test_validation.TestConvenienceFunctions" name="test_map_exists_convenience" time="0.000" /><testcase classname="tests.unit.commands.test_validation.TestConvenienceFunctions" name="test_boolean_convenience" time="0.000" /><testcase classname="tests.unit.commands.test_validation.TestConvenienceFunctions" name="test_numeric_convenience" time="0.000" /><testcase classname="tests.unit.commands.test_validation.TestConvenienceFunctions" name="test_choice_convenience" time="0.000" /><testcase classname="tests.unit.commands.test_validation.TestPresetValidators" name="test_player_name_preset" time="0.000" /><testcase classname="tests.unit.commands.test_validation.TestPresetValidators" name="test_duration_preset" time="0.000" /><testcase classname="tests.unit.commands.test_validation.TestPresetValidators" name="test_reason_preset" time="0.000" /><testcase classname="tests.unit.commands.test_validation.TestPresetValidators" name="test_username_preset" time="0.000" /><testcase classname="tests.unit.commands.test_validation.TestPresetValidators" name="test_map_id_preset" time="0.000" /><testcase classname="tests.unit.commands.test_validation.TestPresetValidators" name="test_gamemode_preset" time="0.000" /><testcase classname="tests.unit.commands.test_validation.TestPresetValidators" name="test_mods_preset" time="0.000" /><testcase classname="tests.unit.commands.test_validation.TestPresetValidators" name="test_boolean_preset" time="0.000" /><testcase classname="tests.unit.commands.test_validation.TestPresetValidators" name="test_positive_int_preset" time="0.000" /><testcase classname="tests.unit.commands.test_validation.TestPresetValidators" name="test_non_negative_int_preset" time="0.000" /><testcase classname="tests.unit.commands.test_validation.TestPresetValidators" name="test_percentage_preset" time="0.000" /><testcase classname="tests.unit.packets_test" name="test_write_user_id[0-\x05\x00\x00\x04\x00\x00\x00\x00\x00\x00\x00]" time="0.000" /><testcase classname="tests.unit.packets_test" name="test_write_user_id[2147483647-\x05\x00\x00\x04\x00\x00\x00\xff\xff\xff\x7f]" time="0.000" /><testcase classname="tests.unit.packets_test" name="test_write_send_message[test_input0-\x07\x00\x00(\x00\x00\x00\x0b\x05cmyui\x0b\x11woah woah crazy!!\x0b\x08jacobian \x00\x00\x00]" time="0.000" /><testcase classname="tests.unit.packets_test" name="test_write_send_message[test_input1-\x07\x00\x00\x07\x00\x00\x00\x00\x00\x00\x00\x00\x00\x00]" time="0.000" /><testcase classname="tests.unit.packets_test" name="test_write_pong" time="0.000" /><testcase classname="tests.unit.packets_test" name="test_write_change_username[test_input0-\t\x00\x00\x16\x00\x00\x00\x0b\x14cmyui&gt;&gt;&gt;&gt;abcgamer321]" time="0.000" /><testcase classname="tests.unit.packets_test" name="test_write_change_username[test_input1-\t\x00\x00\x06\x00\x00\x00\x0b\x04&gt;&gt;&gt;&gt;]" time="0.000" /><testcase classname="tests.unit.packets_test" name="test_write_user_stats[test_input0-\x0b\x00\x00V\x00\x00\x00\xe9\x03\x00\x00\x02\x0b\x06gaming\x0b 60b725f10c9c85c70d97880dfe8191b3@\x00\x00\x00\x00KM\x1a\x00\xf8_\xd8I\x00\x00\x00\x00\xd6Vl?\xed\x0e\x00\x00h\n=\xe3\x00\x00\x00\x00*\x00\x00\x00c ]" time="0.000" /><testcase classname="tests.unit.packets_test" name="test_write_user_stats[test_input1-\x0b\x00\x00.\x00\x00\x00\x00\x00\x00\x00\x00\x00\x00\x00\x00\x00\x00\x00\x00\x00\x00\x00\x00\x00\x00\x00\x00\x00\x00\x00\x00\x00\x00\x00\x00\x00\x00\x00\x00\x00\x00\x00\x00\x00\x00\x00\x00\x00\x00\x00\x00\x00]" time="0.000" /><testcase classname="tests.unit.packets_test" name="test_write_logout[0-\x0c\x00\x00\x05\x00\x00\x00\x00\x00\x00\x00\x00]" time="0.000" /><testcase classname="tests.unit.packets_test" name="test_write_logout[2147483647-\x0c\x00\x00\x05\x00\x00\x00\xff\xff\xff\x7f\x00]" time="0.000" /><testcase classname="tests.unit.packets_test" name="test_write_spectator_joined[0-\r\x00\x00\x04\x00\x00\x00\x00\x00\x00\x00]" time="0.000" /><testcase classname="tests.unit.packets_test" name="test_write_spectator_joined[2147483647-\r\x00\x00\x04\x00\x00\x00\xff\xff\xff\x7f]" time="0.000" /><testcase classname="tests.unit.packets_test" name="test_write_spectator_left[0-\x0e\x00\x00\x04\x00\x00\x00\x00\x00\x00\x00]" time="0.000" /><testcase classname="tests.unit.packets_test" name="test_write_spectator_left[2147483647-\x0e\x00\x00\x04\x00\x00\x00\xff\xff\xff\x7f]" time="0.000" /><testcase classname="tests.unit.packets_test" name="test_write_spectate_frames[test_input0-]" time="0.000"><skipped type="pytest.xfail" message="need to implement proper writing" /></testcase><testcase classname="tests.unit.packets_test" name="test_write_version_update" time="0.000" /><testcase classname="tests.unit.packets_test" name="test_write_spectator_cant_spectate[0-\x16\x00\x00\x04\x00\x00\x00\x00\x00\x00\x00]" time="0.000" /><testcase classname="tests.unit.packets_test" name="test_write_spectator_cant_spectate[2147483647-\x16\x00\x00\x04\x00\x00\x00\xff\xff\xff\x7f]" time="0.000" /><testcase classname="tests.unit.packets_test" name="test_write_get_attention" time="0.000" /><testcase classname="tests.unit.packets_test" name="test_write_notification[waowww-\x18\x00\x00\x08\x00\x00\x00\x0b\x06waowww]" time="0.000" /><testcase classname="tests.unit.packets_test" name="test_write_notification[-\x18\x00\x00\x01\x00\x00\x00\x00]" time="0.000" /><testcase classname="tests.unit.packets_test" name="test_write_update_match[test_input0-]" time="0.000"><skipped type="pytest.xfail" message="need to remove bancho.py match object" /></testcase><testcase classname="tests.unit.packets_test" name="test_write_update_match[test_input1-]" time="0.000"><skipped type="pytest.xfail" message="need to remove bancho.py match object" /></testcase><testcase classname="tests.unit.packets_test" name="test_write_new_match[test_input0-]" time="0.000"><skipped type="pytest.xfail" message="need to remove bancho.py match object" /></testcase><testcase classname="tests.unit.packets_test" name="test_write_dispose_match[0-\x1c\x00\x00\x04\x00\x00\x00\x00\x00\x00\x00]" time="0.000" /><testcase classname="tests.unit.packets_test" name="test_write_dispose_match[2147483647-\x1c\x00\x00\x04\x00\x00\x00\xff\xff\xff\x7f]" time="0.000" /><testcase classname="tests.unit.packets_test" name="test_write_toggle_block_non_friend_pm" time="0.000" /><testcase classname="tests.unit.packets_test" name="test_write_match_join_success[test_input0-]" time="0.000"><skipped type="pytest.xfail" message="need to remove bancho.py match object" /></testcase><testcase classname="tests.unit.packets_test" name="test_write_match_join_fail" time="0.000" /><testcase classname="tests.unit.packets_test" name="test_write_fellow_spectator_joined[0-*\x00\x00\x04\x00\x00\x00\x00\x00\x00\x00]" time="0.000" /><testcase classname="tests.unit.packets_test" name="test_write_fellow_spectator_joined[2147483647-*\x00\x00\x04\x00\x00\x00\xff\xff\xff\x7f]" time="0.000" /><testcase classname="tests.unit.packets_test" name="test_write_fellow_spectator_left[0-+\x00\x00\x04\x00\x00\x00\x00\x00\x00\x00]" time="0.000" /><testcase classname="tests.unit.packets_test" name="test_write_fellow_spectator_left[2147483647-+\x00\x00\x04\x00\x00\x00\xff\xff\xff\x7f]" time="0.000" /><testcase classname="tests.unit.packets_test" name="test_write_match_start[test_input0-]" time="0.000"><skipped type="pytest.xfail" message="need to remove bancho.py match object" /></testcase><testcase classname="tests.unit.packets_test" name="test_write_match_score_update[test_input0-0\x00\x00\x1d\x00\x00\x00b\x95\x00\x00\x1c@\x010\x00\x02\x00 \x00\x08\x00\x03\x00h\x83\x07\x00z\x00'\x00\x00\xf5\x00\x00]" time="0.000" /><testcase classname="tests.unit.packets_test" name="test_write_match_score_update[test_input1-0\x00\x00\x1d\x00\x00\x00\x00\x00\x00\x00\x00\x00\x00\x00\x00\x00\x00\x00\x00\x00\x00\x00\x00\x00\x00\x00\x00\x00\x00\x00\x00\x00\x00\x00\x00]" time="0.000" /><testcase classname="tests.unit.packets_test" name="test_write_match_transfer_host" time="0.000" /><testcase classname="tests.unit.packets_test" name="test_write_match_all_players_loaded" time="0.000" /><testcase classname="tests.unit.packets_test" name="test_write_match_player_failed[0-9\x00\x00\x04\x00\x00\x00\x00\x00\x00\x00]" time="0.000" /><testcase classname="tests.unit.packets_test" name="test_write_match_player_failed[2147483647-9\x00\x00\x04\x00\x00\x00\xff\xff\xff\x7f]" time="0.000" /><testcase classname="tests.unit.packets_test" name="test_write_match_complete" time="0.000" /><testcase classname="tests.unit.packets_test" name="test_write_match_skip" time="0.000" /><testcase classname="tests.unit.packets_test" name="test_write_channel_join[#osu-@\x00\x00\x06\x00\x00\x00\x0b\x04#osu]" time="0.000" /><testcase classname="tests.unit.packets_test" name="test_write_channel_join[-@\x00\x00\x01\x00\x00\x00\x00]" time="0.000" /><testcase classname="tests.unit.packets_test" name="test_write_channel_info[test_input0-A\x00\x00\x14\x00\x00\x00\x0b\x04#osu\x0b\nle topique{\x00]" time="0.000" /><testcase classname="tests.unit.packets_test" name="test_write_channel_info[test_input1-A\x00\x00\x04\x00\x00\x00\x00\x00\x00\x00]" time="0.000" /><testcase classname="tests.unit.packets_test" name="test_write_channel_kick[#osu-B\x00\x00\x06\x00\x00\x00\x0b\x04#osu]" time="0.000" /><testcase classname="tests.unit.packets_test" name="test_write_channel_kick[-B\x00\x00\x01\x00\x00\x00\x00]" time="0.000" /><testcase classname="tests.unit.packets_test" name="test_write_channel_auto_join[test_input0-C\x00\x00\x14\x00\x00\x00\x0b\x04#osu\x0b\nle topique{\x00]" time="0.000" /><testcase classname="tests.unit.packets_test" name="test_write_channel_auto_join[test_input1-C\x00\x00\x04\x00\x00\x00\x00\x00\x00\x00]" time="0.000" /><testcase classname="tests.unit.packets_test" name="test_write_bancho_privileges[0-G\x00\x00\x04\x00\x00\x00\x00\x00\x00\x00]" time="0.000" /><testcase classname="tests.unit.packets_test" name="test_write_bancho_privileges[2147483647-G\x00\x00\x04\x00\x00\x00\xff\xff\xff\x7f]" time="0.000" /><testcase classname="tests.unit.packets_test" name="test_write_friends_list[test_input0-H\x00\x00\x0e\x00\x00\x00\x03\x00\x01\x00\x00\x00\x04\x00\x00\x00\xe9\x03\x00\x00]" time="0.000" /><testcase classname="tests.unit.packets_test" name="test_write_friends_list[test_input1-H\x00\x00\x02\x00\x00\x00\x00\x00]" time="0.000" /><testcase classname="tests.unit.packets_test" name="test_write_protocol_version[0-K\x00\x00\x04\x00\x00\x00\x00\x00\x00\x00]" time="0.000" /><testcase classname="tests.unit.packets_test" name="test_write_protocol_version[2147483647-K\x00\x00\x04\x00\x00\x00\xff\xff\xff\x7f]" time="0.000" /><testcase classname="tests.unit.packets_test" name="test_write_main_menu_icon[test_input0-L\x00\x008\x00\x00\x00\x0b6https://icon-url.ca/a.png|https://onclick-url.ca/a.png]" time="0.000" /><testcase classname="tests.unit.packets_test" name="test_write_main_menu_icon[test_input1-L\x00\x00\x03\x00\x00\x00\x0b\x01|]" time="0.000" /><testcase classname="tests.unit.packets_test" name="test_write_monitor" time="0.000" /><testcase classname="tests.unit.packets_test" name="test_write_match_player_skipped[0-Q\x00\x00\x04\x00\x00\x00\x00\x00\x00\x00]" time="0.000" /><testcase classname="tests.unit.packets_test" name="test_write_match_player_skipped[2147483647-Q\x00\x00\x04\x00\x00\x00\xff\xff\xff\x7f]" time="0.000" /><testcase classname="tests.unit.packets_test" name="test_write_user_presence[test_input0-S\x00\x00\x1a\x00\x00\x00\xe9\x03\x00\x00\x0b\x05cmyui\x13&amp;\x1fo\x12/BD\x0b\x9f\xc2*\x00\x00\x00]" time="0.000" /><testcase classname="tests.unit.packets_test" name="test_write_user_presence[test_input1-S\x00\x00\x14\x00\x00\x00\x00\x00\x00\x00\x00\x18\x00\x00\x00\x00\x00\x00\x00\x00\x00\x00\x00\x00\x00\x00]" time="0.000" /><testcase classname="tests.unit.packets_test" name="test_write_restart_server[0-V\x00\x00\x04\x00\x00\x00\x00\x00\x00\x00]" time="0.000" /><testcase classname="tests.unit.packets_test" name="test_write_restart_server[2147483647-V\x00\x00\x04\x00\x00\x00\xff\xff\xff\x7f]" time="0.000" /><testcase classname="tests.unit.packets_test" name="test_write_match_invite[test_input0-]" time="0.000"><skipped type="pytest.xfail" message="need to remove bancho.py match object" /></testcase><testcase classname="tests.unit.packets_test" name="test_channel_info_end" time="0.000" /><testcase classname="tests.unit.packets_test" name="test_write_match_change_password[newpassword-[\x00\x00\r\x00\x00\x00\x0b\x0bnewpassword]" time="0.000" /><testcase classname="tests.unit.packets_test" name="test_write_match_change_password[-[\x00\x00\x01\x00\x00\x00\x00]" time="0.000" /><testcase classname="tests.unit.packets_test" name="test_write_silence_end[0-\\x00\x00\x04\x00\x00\x00\x00\x00\x00\x00]" time="0.000" /><testcase classname="tests.unit.packets_test" name="test_write_silence_end[2147483647-\\x00\x00\x04\x00\x00\x00\xff\xff\xff\x7f]" time="0.000" /><testcase classname="tests.unit.packets_test" name="test_write_user_silenced[0-^\x00\x00\x04\x00\x00\x00\x00\x00\x00\x00]" time="0.000" /><testcase classname="tests.unit.packets_test" name="test_write_user_silenced[2147483647-^\x00\x00\x04\x00\x00\x00\xff\xff\xff\x7f]" time="0.000" /><testcase classname="tests.unit.packets_test" name="test_write_user_presence_single[0-_\x00\x00\x04\x00\x00\x00\x00\x00\x00\x00]" time="0.000" /><testcase classname="tests.unit.packets_test" name="test_write_user_presence_single[2147483647-_\x00\x00\x04\x00\x00\x00\xff\xff\xff\x7f]" time="0.000" /><testcase classname="tests.unit.packets_test" name="test_write_user_presence_bundle[test_input0-`\x00\x00\x0e\x00\x00\x00\x03\x00\x01\x00\x00\x00\x04\x00\x00\x00\xe9\x03\x00\x00]" time="0.000" /><testcase classname="tests.unit.packets_test" name="test_write_user_presence_bundle[test_input1-`\x00\x00\x02\x00\x00\x00\x00\x00]" time="0.000" /><testcase classname="tests.unit.packets_test" name="test_write_user_dm_blocked[cover-d\x00\x00\r\x00\x00\x00\x00\x00\x0b\x05cover\x00\x00\x00\x00]" time="0.000" /><testcase classname="tests.unit.packets_test" name="test_write_user_dm_blocked[-d\x00\x00\x07\x00\x00\x00\x00\x00\x00\x00\x00\x00\x00]" time="0.000" /><testcase classname="tests.unit.packets_test" name="test_write_target_silenced[cover-e\x00\x00\r\x00\x00\x00\x00\x00\x0b\x05cover\x00\x00\x00\x00]" time="0.000" /><testcase classname="tests.unit.packets_test" name="test_write_target_silenced[-e\x00\x00\x07\x00\x00\x00\x00\x00\x00\x00\x00\x00\x00]" time="0.000" /><testcase classname="tests.unit.packets_test" name="test_write_version_update_forced" time="0.000" /><testcase classname="tests.unit.packets_test" name="test_write_switch_server[0-g\x00\x00\x04\x00\x00\x00\x00\x00\x00\x00]" time="0.000" /><testcase classname="tests.unit.packets_test" name="test_write_switch_server[2147483647-g\x00\x00\x04\x00\x00\x00\xff\xff\xff\x7f]" time="0.000" /><testcase classname="tests.unit.packets_test" name="test_write_account_restricted" time="0.000" /><testcase classname="tests.unit.packets_test" name="test_write_rtx[yoyoo rip rtx-i\x00\x00\x0f\x00\x00\x00\x0b\ryoyoo rip rtx]" time="0.000" /><testcase classname="tests.unit.packets_test" name="test_write_rtx[-i\x00\x00\x01\x00\x00\x00\x00]" time="0.000" /><testcase classname="tests.unit.packets_test" name="test_write_match_abort" time="0.000" /><testcase classname="tests.unit.packets_test" name="test_write_switch_tournament_server[61.91.139.24-k\x00\x00\x0e\x00\x00\x00\x0b\x0c61.91.139.24]" time="0.000" /><testcase classname="tests.unit.packets_test" name="test_write_switch_tournament_server[-k\x00\x00\x01\x00\x00\x00\x00]" time="0.000" /><testcase classname="tests.unit.test_commands_system.TestCommandRegistration" name="test_register_simple_command" time="0.000" /><testcase classname="tests.unit.test_commands_system.TestCommandRegistration" name="test_register_command_with_triggers" time="0.000" /><testcase classname="tests.unit.test_commands_system.TestCommandRegistration" name="test_register_command_with_namespace" time="0.000" /><testcase classname="tests.unit.test_commands_system.TestCommandRegistration" name="test_duplicate_trigger_raises_error" time="0.000" /><testcase classname="tests.unit.test_commands_system.TestCommandExecution" name="test_execute_command" time="0.000" /><testcase classname="tests.unit.test_commands_system.TestCommandExecution" name="test_execute_command_with_args" time="0.000" /><testcase classname="tests.unit.test_commands_system.TestCommandExecution" name="test_execute_namespace_command" time="0.000" /><testcase classname="tests.unit.test_commands_system.TestCommandExecution" name="test_execute_command_with_validation" time="0.000" /><testcase classname="tests.unit.test_commands_system.TestCommandExecution" name="test_execute_nonexistent_command" time="0.000" /><testcase classname="tests.unit.test_commands_system.TestCommandExecution" name="test_execute_command_without_permission" time="0.000" /><testcase classname="tests.unit.test_commands_system.TestCommandHelp" name="test_generate_general_help" time="0.000" /><testcase classname="tests.unit.test_commands_system.TestCommandHelp" name="test_generate_category_help" time="0.000" /><testcase classname="tests.unit.test_commands_system.TestCommandHelp" name="test_generate_command_help" time="0.000" /><testcase classname="tests.unit.test_commands_system.TestValidationFramework" name="test_arg_count_validator" time="0.000" /><testcase classname="tests.unit.test_commands_system.TestValidationFramework" name="test_numeric_validator" time="0.000" /><testcase classname="tests.unit.test_commands_system.TestValidationFramework" name="test_choice_validator" time="0.000" /><testcase classname="tests.unit.test_commands_system.TestCommandMetadata" name="test_command_metadata_creation" time="0.000" /><testcase classname="tests.unit.test_commands_system.TestCommandMetadata" name="test_command_creation" time="0.000" /><testcase classname="tests.unit.test_commands_system.TestCommandBuilder" name="test_builder_pattern" time="0.000" /></testsuite></testsuites>